<?xml version="1.0" encoding="UTF-8"?>
<!-- Generated by org.testng.reporters.JUnitXMLReporter -->
<testsuite ignored="0" hostname="DESKTOP-16LHAI3" failures="2" tests="6" name="Test" time="0.101" errors="0" timestamp="2024-04-02T07:23:41 IST">
  <testcase classname="TestNGLearning.TestCase1" name="doUserRegistration" time="0.006"/>
  <testcase classname="TestNGLearning.TestCase1" name="doLogin" time="0.004"/>
  <testcase classname="TestNGLearning.TestCase2" name="validateTitles" time="0.011">
    <failure type="java.lang.AssertionError" message="The following asserts failed:
	expected [google.com] but found [gmail.com],
	Button not found hence failing the test expected [true] but found [false],
	Forcefully failing the test">
      <![CDATA[java.lang.AssertionError: The following asserts failed:
expected [google.com] but found [gmail.com],
Button not found hence failing the test expected [true] but found [false],
Forcefully failing the test
at TestNGLearning.TestCase2.validateTitles(TestCase2.java:32)
at java.base/java.util.ArrayList.forEach(ArrayList.java:1511)
... Removed 29 stack frames]]>
    </failure>
  </testcase> <!-- validateTitles -->
  <testcase classname="TestNGLearning.TestCase3" name="doUserReg" time="0.001">
    <failure type="java.lang.AssertionError" message="User reg failed">
      <![CDATA[java.lang.AssertionError: User reg failed
at TestNGLearning.TestCase3.doUserReg(TestCase3.java:12)
at java.base/java.util.ArrayList.forEach(ArrayList.java:1511)
... Removed 28 stack frames]]>
    </failure>
  </testcase> <!-- doUserReg -->
  <testcase classname="TestNGLearning.TestCase3" name="isSkip" time="0.002"/>
  <testcase classname="TestNGLearning.TestCase3" name="doLogin" time="0.0">
    <skipped/>
  </testcase> <!-- doLogin -->
</testsuite> <!-- Test -->
